<?xml version="1.0" encoding="utf-8" standalone="no"?>
<!--This file represents the results of running a test suite-->
<test-results name="C:\Users\Hitesh-PC\Documents\Visual Studio 2013\Projects\PHPTravels_Automated\PHPTravels_Automated\bin\Debug\PHPTravels_Automated.dll" total="1" errors="0" failures="0" not-run="0" inconclusive="0" ignored="0" skipped="0" invalid="0" date="2017-03-29" time="12:13:10">
  <environment nunit-version="2.6.3.13283" clr-version="2.0.50727.8745" os-version="Microsoft Windows NT 6.2.9200.0" platform="Win32NT" cwd="C:\Users\Hitesh-PC\Documents\Visual Studio 2013\Projects\PHPTravels_Automated\PHPTravels_Automated" machine-name="DESKTOP-GAUK57B" user="Hitesh-PC" user-domain="DESKTOP-GAUK57B" />
  <culture-info current-culture="en-US" current-uiculture="en-US" />
  <test-suite type="Assembly" name="C:\Users\Hitesh-PC\Documents\Visual Studio 2013\Projects\PHPTravels_Automated\PHPTravels_Automated\bin\Debug\PHPTravels_Automated.dll" executed="True" result="Success" success="True" time="40.611" asserts="0">
    <results>
      <test-suite type="Namespace" name="TestCases" executed="True" result="Success" success="True" time="40.603" asserts="0">
        <results>
          <test-suite type="TestFixture" name="TestSuites" executed="True" result="Success" success="True" time="40.602" asserts="0">
            <results>
              <test-case name="TestCases.TestSuites.HomePage_Elements_Verification" executed="True" result="Success" success="True" time="40.586" asserts="0" />
            </results>
          </test-suite>
        </results>
      </test-suite>
    </results>
  </test-suite>
</test-results>